<?xml version="1.0" encoding="UTF-8"?>
<!-- Generated by org.testng.reporters.JUnitXMLReporter -->
<testsuite hostname="PF001TBG-THINK" tests="0" failures="0" timestamp="12 Aug 2014 18:26:26 GMT" time="0.017" errors="0">
  <testcase name="@BeforeSuite multiXml" time="0.0" classname="multibrowser.MultipleXmls">
    <failure type="org.testng.TestNGException" message="
Two suites cannot have the same name: Suitet">
      <![CDATA[org.testng.TestNGException: 
Two suites cannot have the same name: Suitet
	at multibrowser.MultipleXmls.multiXml(MultipleXmls.java:30)
... Removed 23 stack frames]]>
    </failure>
  </testcase> <!-- @BeforeSuite multiXml -->
</testsuite>
