<?xml version="1.0" encoding="UTF-8"?>
<!-- Generated by org.testng.reporters.JUnitXMLReporter -->
<testsuite hostname="PF001TBG-THINK" name="FirefoxTest" tests="9" failures="8" timestamp="19 Aug 2014 00:01:35 GMT" time="28.531" errors="0">
  <testcase name="googleLaunch" time="6.179" classname="multibrowser.MultiBrowserTest"/>
  <testcase name="assertion2" time="0.009" classname="multibrowser.MultiBrowserTest">
    <failure type="java.lang.AssertionError" message="Assert.fail2">
      <![CDATA[java.lang.AssertionError: Assert.fail2
	at multibrowser.MultiBrowserTest.assertion2(MultiBrowserTest.java:60)
... Removed 28 stack frames]]>
    </failure>
  </testcase> <!-- assertion2 -->
  <testcase name="assertion2" time="0.001" classname="multibrowser.MultiBrowserTest">
    <failure type="java.lang.AssertionError" message="Assert.fail2">
      <![CDATA[java.lang.AssertionError: Assert.fail2
	at multibrowser.MultiBrowserTest.assertion2(MultiBrowserTest.java:60)
... Removed 28 stack frames]]>
    </failure>
  </testcase> <!-- assertion2 -->
  <testcase name="assertion2" time="0.002" classname="multibrowser.MultiBrowserTest">
    <failure type="java.lang.AssertionError" message="Assert.fail2">
      <![CDATA[java.lang.AssertionError: Assert.fail2
	at multibrowser.MultiBrowserTest.assertion2(MultiBrowserTest.java:60)
... Removed 28 stack frames]]>
    </failure>
  </testcase> <!-- assertion2 -->
  <testcase name="assertion2" time="0.001" classname="multibrowser.MultiBrowserTest">
    <failure type="java.lang.AssertionError" message="Assert.fail2">
      <![CDATA[java.lang.AssertionError: Assert.fail2
	at multibrowser.MultiBrowserTest.assertion2(MultiBrowserTest.java:60)
... Removed 28 stack frames]]>
    </failure>
  </testcase> <!-- assertion2 -->
  <testcase name="assertion3" time="0.001" classname="multibrowser.MultiBrowserTest">
    <failure type="java.lang.AssertionError" message="Assert.fail3">
      <![CDATA[java.lang.AssertionError: Assert.fail3
	at multibrowser.MultiBrowserTest.assertion3(MultiBrowserTest.java:67)
... Removed 28 stack frames]]>
    </failure>
  </testcase> <!-- assertion3 -->
  <testcase name="assertion3" time="0.001" classname="multibrowser.MultiBrowserTest">
    <failure type="java.lang.AssertionError" message="Assert.fail3">
      <![CDATA[java.lang.AssertionError: Assert.fail3
	at multibrowser.MultiBrowserTest.assertion3(MultiBrowserTest.java:67)
... Removed 28 stack frames]]>
    </failure>
  </testcase> <!-- assertion3 -->
  <testcase name="assertion3" time="0.001" classname="multibrowser.MultiBrowserTest">
    <failure type="java.lang.AssertionError" message="Assert.fail3">
      <![CDATA[java.lang.AssertionError: Assert.fail3
	at multibrowser.MultiBrowserTest.assertion3(MultiBrowserTest.java:67)
... Removed 28 stack frames]]>
    </failure>
  </testcase> <!-- assertion3 -->
  <testcase name="assertion3" time="0.001" classname="multibrowser.MultiBrowserTest">
    <failure type="java.lang.AssertionError" message="Assert.fail3">
      <![CDATA[java.lang.AssertionError: Assert.fail3
	at multibrowser.MultiBrowserTest.assertion3(MultiBrowserTest.java:67)
... Removed 28 stack frames]]>
    </failure>
  </testcase> <!-- assertion3 -->
</testsuite> <!-- FirefoxTest -->
