<?xml version="1.0" encoding="UTF-8"?>
<!-- Generated by org.testng.reporters.JUnitXMLReporter -->
<testsuite hostname="PF001TBG-THINK" name="FirefoxTest(failed)" tests="2" failures="2" timestamp="15 Aug 2014 23:13:40 GMT" time="10.235" errors="0">
  <testcase name="assertion2" time="0.003" classname="multibrowser.MultiBrowserTest">
    <failure type="java.lang.AssertionError" message="Assert.fail2">
      <![CDATA[java.lang.AssertionError: Assert.fail2
	at multibrowser.MultiBrowserTest.assertion2(MultiBrowserTest.java:53)
... Removed 26 stack frames]]>
    </failure>
  </testcase> <!-- assertion2 -->
  <testcase name="assertion3" time="0.006" classname="multibrowser.MultiBrowserTest">
    <failure type="java.lang.AssertionError" message="Assert.fail3">
      <![CDATA[java.lang.AssertionError: Assert.fail3
	at multibrowser.MultiBrowserTest.assertion3(MultiBrowserTest.java:60)
... Removed 26 stack frames]]>
    </failure>
  </testcase> <!-- assertion3 -->
</testsuite> <!-- FirefoxTest(failed) -->
