<?xml version="1.0" encoding="UTF-8"?>
<!-- Generated by org.testng.reporters.JUnitXMLReporter -->
<testsuite hostname="PF001TBG-THINK" name="Default test(failed)(failed)(failed)" tests="1" failures="1" timestamp="15 Aug 2014 21:41:31 GMT" time="9.874" errors="0">
  <testcase name="assertion2" time="0.003" classname="multibrowser.MultiBrowserTest">
    <failure type="java.lang.AssertionError" message="Assert.fail2">
      <![CDATA[java.lang.AssertionError: Assert.fail2
	at multibrowser.MultiBrowserTest.assertion2(MultiBrowserTest.java:53)
... Removed 26 stack frames]]>
    </failure>
  </testcase> <!-- assertion2 -->
</testsuite> <!-- Default test(failed)(failed)(failed) -->
