<?xml version="1.0" encoding="UTF-8"?>
<testng-results skipped="0" failed="0" total="3" passed="3">
  <reporter-output>
  </reporter-output>
  <suite name="Default suite" duration-ms="46584" started-at="2014-08-06T19:18:24Z" finished-at="2014-08-06T19:19:11Z">
    <groups>
    </groups>
    <test name="Default test" duration-ms="46584" started-at="2014-08-06T19:18:24Z" finished-at="2014-08-06T19:19:11Z">
      <class name="multibrowser.gmailMultiBrowser">
        <test-method status="PASS" signature="gmailMulti(java.lang.String)[pri:0, instance:multibrowser.gmailMultiBrowser@5e025e70]" name="gmailMulti" duration-ms="32974" started-at="2014-08-06T12:18:24Z" data-provider="browsersmulti" finished-at="2014-08-06T12:18:57Z">
          <params>
            <param index="0">
              <value>
                <![CDATA[ie]]>
              </value>
            </param>
          </params>
          <reporter-output>
          </reporter-output>
        </test-method> <!-- gmailMulti -->
        <test-method status="PASS" signature="gmailMulti(java.lang.String)[pri:0, instance:multibrowser.gmailMultiBrowser@5e025e70]" name="gmailMulti" duration-ms="24813" started-at="2014-08-06T12:18:24Z" data-provider="browsersmulti" finished-at="2014-08-06T12:18:49Z">
          <params>
            <param index="0">
              <value>
                <![CDATA[chrome]]>
              </value>
            </param>
          </params>
          <reporter-output>
          </reporter-output>
        </test-method> <!-- gmailMulti -->
        <test-method status="PASS" signature="gmailMulti(java.lang.String)[pri:0, instance:multibrowser.gmailMultiBrowser@5e025e70]" name="gmailMulti" duration-ms="45856" started-at="2014-08-06T12:18:24Z" data-provider="browsersmulti" finished-at="2014-08-06T12:19:10Z">
          <params>
            <param index="0">
              <value>
                <![CDATA[firefox]]>
              </value>
            </param>
          </params>
          <reporter-output>
          </reporter-output>
        </test-method> <!-- gmailMulti -->
        <test-method status="PASS" signature="closeBrowser()[pri:0, instance:multibrowser.gmailMultiBrowser@5e025e70]" name="closeBrowser" is-config="true" duration-ms="602" started-at="2014-08-06T12:19:10Z" finished-at="2014-08-06T12:19:11Z">
          <reporter-output>
          </reporter-output>
        </test-method> <!-- closeBrowser -->
      </class> <!-- multibrowser.gmailMultiBrowser -->
    </test> <!-- Default test -->
  </suite> <!-- Default suite -->
</testng-results>
