<?xml version="1.0" encoding="UTF-8"?>
<!-- Generated by org.testng.reporters.JUnitXMLReporter -->
<testsuite hostname="PF001TBG-THINK" name="MultiXMl" tests="1" failures="1" timestamp="12 Aug 2014 18:12:37 GMT" time="0.162" errors="0">
  <testcase name="multiXml" time="0.106" classname="multibrowser.MultipleXmls">
    <failure type="org.testng.TestNGException" message="
Two suites cannot have the same name: Suite">
      <![CDATA[org.testng.TestNGException: 
Two suites cannot have the same name: Suite
	at multibrowser.MultipleXmls.multiXml(MultipleXmls.java:25)
... Removed 29 stack frames]]>
    </failure>
  </testcase> <!-- multiXml -->
</testsuite> <!-- MultiXMl -->
