<?xml version="1.0" encoding="UTF-8"?>
<!-- Generated by org.testng.reporters.JUnitXMLReporter -->
<testsuite hostname="PF001TBG-THINK" name="Default test" tests="3" failures="0" timestamp="6 Aug 2014 19:19:11 GMT" time="46.584" errors="0">
  <testcase name="gmailMulti" time="24.813" classname="multibrowser.gmailMultiBrowser"/>
  <testcase name="gmailMulti" time="32.974" classname="multibrowser.gmailMultiBrowser"/>
  <testcase name="gmailMulti" time="45.856" classname="multibrowser.gmailMultiBrowser"/>
</testsuite> <!-- Default test -->
