<?xml version="1.0" encoding="UTF-8"?>
<testsuite name="TestSuite" time="6.211" tests="9" errors="0" skipped="0" failures="8">
  <properties>
[...]
</properties>
  <testcase name="googleLaunch" classname="multibrowser.MultiBrowserTest" time="6.185"/>
  <testcase name="assertion2" classname="multibrowser.MultiBrowserTest" time="0.017">
    <failure message="Assert.fail2" type="java.lang.AssertionError">java.lang.AssertionError: Assert.fail2
	at org.testng.Assert.fail(Assert.java:94)
	at multibrowser.MultiBrowserTest.assertion2(MultiBrowserTest.java:60)
</failure>
    <system-out><![CDATA[In failed test2
]]></system-out>
  </testcase>
  <testcase name="assertion2" classname="multibrowser.MultiBrowserTest" time="0.001">
    <failure message="Assert.fail2" type="java.lang.AssertionError">java.lang.AssertionError: Assert.fail2
	at org.testng.Assert.fail(Assert.java:94)
	at multibrowser.MultiBrowserTest.assertion2(MultiBrowserTest.java:60)
</failure>
    <system-out><![CDATA[2014-08-18 19:40:18,899  INFO [main] RetryAnalyzer:24 - Retrying assertion2 with status 2 for the 1 of 3 times.
 In failed test2
]]></system-out>
  </testcase>
  <testcase name="assertion2" classname="multibrowser.MultiBrowserTest" time="0.001">
    <failure message="Assert.fail2" type="java.lang.AssertionError">java.lang.AssertionError: Assert.fail2
	at org.testng.Assert.fail(Assert.java:94)
	at multibrowser.MultiBrowserTest.assertion2(MultiBrowserTest.java:60)
</failure>
    <system-out><![CDATA[2014-08-18 19:40:18,908  INFO [main] RetryAnalyzer:24 - Retrying assertion2 with status 2 for the 2 of 3 times.
 In failed test2
]]></system-out>
  </testcase>
  <testcase name="assertion2" classname="multibrowser.MultiBrowserTest" time="0.002">
    <failure message="Assert.fail2" type="java.lang.AssertionError">java.lang.AssertionError: Assert.fail2
	at org.testng.Assert.fail(Assert.java:94)
	at multibrowser.MultiBrowserTest.assertion2(MultiBrowserTest.java:60)
</failure>
    <system-out><![CDATA[2014-08-18 19:40:18,910  INFO [main] RetryAnalyzer:24 - Retrying assertion2 with status 2 for the 3 of 3 times.
 In failed test2
2014-08-18 19:40:18,912 ERROR [main] RetryTestListener:43 - Number of retries expired.
 ]]></system-out>
  </testcase>
  <testcase name="assertion3" classname="multibrowser.MultiBrowserTest" time="0">
    <failure message="Assert.fail3" type="java.lang.AssertionError">java.lang.AssertionError: Assert.fail3
	at org.testng.Assert.fail(Assert.java:94)
	at multibrowser.MultiBrowserTest.assertion3(MultiBrowserTest.java:67)
</failure>
    <system-out><![CDATA[In failed test3
]]></system-out>
  </testcase>
  <testcase name="assertion3" classname="multibrowser.MultiBrowserTest" time="0.002">
    <failure message="Assert.fail3" type="java.lang.AssertionError">java.lang.AssertionError: Assert.fail3
	at org.testng.Assert.fail(Assert.java:94)
	at multibrowser.MultiBrowserTest.assertion3(MultiBrowserTest.java:67)
</failure>
    <system-out><![CDATA[2014-08-18 19:40:18,915  INFO [main] RetryAnalyzer:24 - Retrying assertion3 with status 2 for the 1 of 3 times.
 In failed test3
]]></system-out>
  </testcase>
  <testcase name="assertion3" classname="multibrowser.MultiBrowserTest" time="0">
    <failure message="Assert.fail3" type="java.lang.AssertionError">java.lang.AssertionError: Assert.fail3
	at org.testng.Assert.fail(Assert.java:94)
	at multibrowser.MultiBrowserTest.assertion3(MultiBrowserTest.java:67)
</failure>
    <system-out><![CDATA[2014-08-18 19:40:18,917  INFO [main] RetryAnalyzer:24 - Retrying assertion3 with status 2 for the 2 of 3 times.
 In failed test3
]]></system-out>
  </testcase>
  <testcase name="assertion3" classname="multibrowser.MultiBrowserTest" time="0.003">
    <failure message="Assert.fail3" type="java.lang.AssertionError">java.lang.AssertionError: Assert.fail3
	at org.testng.Assert.fail(Assert.java:94)
	at multibrowser.MultiBrowserTest.assertion3(MultiBrowserTest.java:67)
</failure>
    <system-out><![CDATA[2014-08-18 19:40:18,919  INFO [main] RetryAnalyzer:24 - Retrying assertion3 with status 2 for the 3 of 3 times.
 In failed test3
2014-08-18 19:40:18,921 ERROR [main] RetryTestListener:43 - Number of retries expired.
 ]]></system-out>
  </testcase>
</testsuite>