<?xml version="1.0" encoding="UTF-8"?>
<testsuite hostname="PF001TBG-THINK" name="multibrowser.MultiBrowserTest" tests="1" failures="1" timestamp="6 Aug 2014 18:25:51 GMT" time="31.108" errors="0">
  <testcase name="googleLaunch" time="17.746" classname="multibrowser.MultiBrowserTest">
    <failure type="org.openqa.selenium.ElementNotVisibleException" message="Cannot click on element (WARNING: The server did not provide any stacktrace information)
Command duration or timeout: 266 milliseconds
Build info: version: &amp;apos;2.42.0&amp;apos;, revision: &amp;apos;5e824302019c86eae9c8c3ca9155e7307b410cf8&amp;apos;, time: &amp;apos;2014-05-24 09:48:41&amp;apos;
System info: host: &amp;apos;PF001TBG-THINK&amp;apos;, ip: &amp;apos;192.168.141.61&amp;apos;, os.name: &amp;apos;Windows 7&amp;apos;, os.arch: &amp;apos;amd64&amp;apos;, os.version: &amp;apos;6.1&amp;apos;, java.version: &amp;apos;1.8.0_05&amp;apos;
Driver info: org.openqa.selenium.ie.InternetExplorerDriver
Capabilities [{browserAttachTimeout=0, enablePersistentHover=true, ie.forceCreateProcessApi=false, ie.usePerProcessProxy=false, ignoreZoomSetting=false, handlesAlerts=true, version=9, platform=WINDOWS, nativeEvents=true, ie.ensureCleanSession=false, elementScrollBehavior=0, ie.browserCommandLineSwitches=, requireWindowFocus=false, browserName=internet explorer, initialBrowserUrl=http://localhost:31722/, takesScreenshot=true, javascriptEnabled=true, ignoreProtectedModeSettings=false, enableElementCacheCleanup=true, cssSelectorsEnabled=true, unexpectedAlertBehaviour=dismiss}]
Session ID: b0a13675-caf9-4ea6-b8b0-67ba9da0e501">
      <![CDATA[org.openqa.selenium.ElementNotVisibleException: Cannot click on element (WARNING: The server did not provide any stacktrace information)
Command duration or timeout: 266 milliseconds
Build info: version: '2.42.0', revision: '5e824302019c86eae9c8c3ca9155e7307b410cf8', time: '2014-05-24 09:48:41'
System info: host: 'PF001TBG-THINK', ip: '192.168.141.61', os.name: 'Windows 7', os.arch: 'amd64', os.version: '6.1', java.version: '1.8.0_05'
Driver info: org.openqa.selenium.ie.InternetExplorerDriver
Capabilities [{browserAttachTimeout=0, enablePersistentHover=true, ie.forceCreateProcessApi=false, ie.usePerProcessProxy=false, ignoreZoomSetting=false, handlesAlerts=true, version=9, platform=WINDOWS, nativeEvents=true, ie.ensureCleanSession=false, elementScrollBehavior=0, ie.browserCommandLineSwitches=, requireWindowFocus=false, browserName=internet explorer, initialBrowserUrl=http://localhost:31722/, takesScreenshot=true, javascriptEnabled=true, ignoreProtectedModeSettings=false, enableElementCacheCleanup=true, cssSelectorsEnabled=true, unexpectedAlertBehaviour=dismiss}]
Session ID: b0a13675-caf9-4ea6-b8b0-67ba9da0e501
	at org.openqa.selenium.remote.ErrorHandler.createThrowable(ErrorHandler.java:193)
	at org.openqa.selenium.remote.ErrorHandler.throwIfResponseFailed(ErrorHandler.java:145)
	at org.openqa.selenium.remote.RemoteWebDriver.execute(RemoteWebDriver.java:596)
	at org.openqa.selenium.remote.RemoteWebElement.execute(RemoteWebElement.java:268)
	at org.openqa.selenium.remote.RemoteWebElement.click(RemoteWebElement.java:79)
	at multibrowser.MultiBrowserTest.googleLaunch(MultiBrowserTest.java:50)
	at java.util.concurrent.ThreadPoolExecutor.runWorker(ThreadPoolExecutor.java:1142)
	at java.util.concurrent.ThreadPoolExecutor$Worker.run(ThreadPoolExecutor.java:617)
	at java.lang.Thread.run(Thread.java:745)
... Removed 21 stack frames]]>
    </failure>
  </testcase>
</testsuite>
