<?xml version="1.0" encoding="UTF-8"?>
<!-- Generated by org.testng.reporters.JUnitXMLReporter -->
<testsuite hostname="PF001TBG-THINK" name="FirefoxTest" tests="3" failures="2" timestamp="14 Aug 2014 20:41:31 GMT" time="10.736" errors="0">
  <testcase name="googleLaunch" time="10.628" classname="multibrowser.MultiBrowserTest"/>
  <testcase name="assertion" time="0.007" classname="multibrowser.MultiBrowserTest">
    <failure type="java.lang.AssertionError" message="Assert.fail2">
      <![CDATA[java.lang.AssertionError: Assert.fail2
	at multibrowser.MultiBrowserTest.assertion(MultiBrowserTest.java:50)
... Removed 25 stack frames]]>
    </failure>
  </testcase> <!-- assertion -->
  <testcase name="assertion3" time="0.002" classname="multibrowser.MultiBrowserTest">
    <failure type="java.lang.AssertionError" message="Assert.fail3">
      <![CDATA[java.lang.AssertionError: Assert.fail3
	at multibrowser.MultiBrowserTest.assertion3(MultiBrowserTest.java:57)
... Removed 25 stack frames]]>
    </failure>
  </testcase> <!-- assertion3 -->
</testsuite> <!-- FirefoxTest -->
